<?xml version="1.0" encoding="UTF-8"?>
<!-- Generated by org.testng.reporters.JUnitReportReporter -->
<testsuite hostname="DESKTOP-PDDGBC5" failures="0" tests="1" name="test.UserPageTest" time="45.566" errors="0" timestamp="2024-06-29T20:21:12 IST" skipped="0">
  <testcase classname="test.UserPageTest" name="verifySearchUser" time="45.566"/>
</testsuite> <!-- test.UserPageTest -->
