<?xml version="1.0" encoding="UTF-8"?>
<!-- Generated by org.testng.reporters.JUnitReportReporter -->
<testsuite hostname="DESKTOP-PDDGBC5" failures="0" tests="3" name="test.LoginPageTest" time="157.508" errors="0" timestamp="2024-06-29T20:11:11 IST" skipped="0">
  <testcase classname="test.LoginPageTest" name="verifErrorMessageWhileUserLoginwithInvalidCredentials" time="43.896"/>
  <testcase classname="test.LoginPageTest" name="verifErrorMessageWhileUserLoginwithInvalidCredentials" time="73.546"/>
  <testcase classname="test.LoginPageTest" name="verifErrorMessageWhileUserLoginwithInvalidCredentials" time="40.066"/>
</testsuite> <!-- test.LoginPageTest -->
