<?xml version="1.0" encoding="UTF-8"?>
<!-- Generated by org.testng.reporters.JUnitReportReporter -->
<testsuite hostname="DESKTOP-PDDGBC5" failures="0" tests="1" name="test.ResetPageTest" time="94.519" errors="0" timestamp="2024-06-29T20:17:53 IST" skipped="0">
  <testcase classname="test.ResetPageTest" name="verifyErrorMessageWithInvalidEmailidOnForgotPassword" time="94.519"/>
</testsuite> <!-- test.ResetPageTest -->
