<?xml version="1.0" encoding="UTF-8"?>
<!-- Generated by org.testng.reporters.JUnitReportReporter -->
<testsuite hostname="DESKTOP-PDDGBC5" failures="0" tests="1" name="test.UserPageTest" time="37.821" errors="0" timestamp="2024-07-02T16:07:58 IST" skipped="0">
  <testcase classname="test.UserPageTest" name="verifySearchUser" time="37.821"/>
</testsuite> <!-- test.UserPageTest -->
