<?xml version="1.0" encoding="UTF-8"?>
<!-- Generated by org.testng.reporters.JUnitReportReporter -->
<testsuite hostname="DESKTOP-PDDGBC5" failures="0" tests="1" name="test.LoginPageTest" time="99.790" errors="0" timestamp="2024-06-24T22:55:53 IST" skipped="0">
  <testcase classname="test.LoginPageTest" name="verifyUserLoginwithValidCredentials" time="99.790"/>
</testsuite> <!-- test.LoginPageTest -->
