<?xml version="1.0" encoding="UTF-8"?>
<!-- Generated by org.testng.reporters.JUnitReportReporter -->
<testsuite hostname="DESKTOP-PDDGBC5" failures="0" tests="1" name="test.AddUserPageTest" time="90.590" errors="0" timestamp="2024-06-24T21:17:51 IST" skipped="0">
  <testcase classname="test.AddUserPageTest" name="verifyNewlyRegisteredUser" time="90.590"/>
</testsuite> <!-- test.AddUserPageTest -->
