<?xml version="1.0" encoding="UTF-8"?>
<!-- Generated by org.testng.reporters.JUnitReportReporter -->
<testsuite hostname="DESKTOP-PDDGBC5" failures="0" tests="2" name="test.AddUserPageTest" time="146.258" errors="0" timestamp="2024-07-02T16:07:58 IST" skipped="0">
  <testcase classname="test.AddUserPageTest" name="verifyNewlyRegisteredUser" time="99.542"/>
  <testcase classname="test.AddUserPageTest" name="verifyAddUser" time="46.716"/>
</testsuite> <!-- test.AddUserPageTest -->
