<?xml version="1.0" encoding="UTF-8"?>
<!-- Generated by org.testng.reporters.JUnitReportReporter -->
<testsuite hostname="DESKTOP-PDDGBC5" failures="0" tests="1" name="test.AddUserPageTest" time="67.537" errors="0" timestamp="2024-06-25T09:03:48 IST" skipped="0">
  <testcase classname="test.AddUserPageTest" name="verifyAddUser" time="67.537"/>
</testsuite> <!-- test.AddUserPageTest -->
