<?xml version="1.0" encoding="UTF-8"?>
<!-- Generated by org.testng.reporters.JUnitReportReporter -->
<testsuite hostname="DESKTOP-PDDGBC5" failures="0" tests="2" name="test.ResetPageTest" time="122.433" errors="0" timestamp="2024-07-02T16:07:58 IST" skipped="0">
  <testcase classname="test.ResetPageTest" name="verifyErrorMessageWithInvalidEmailidOnForgotPassword" time="46.293"/>
  <testcase classname="test.ResetPageTest" name="verifyResetPassword" time="76.140"/>
</testsuite> <!-- test.ResetPageTest -->
