<?xml version="1.0" encoding="UTF-8"?>
<!-- Generated by org.testng.reporters.JUnitReportReporter -->
<testsuite hostname="DESKTOP-PDDGBC5" failures="0" tests="1" name="test.UserManagementPageTest" time="39.117" errors="0" timestamp="2024-07-02T16:07:58 IST" skipped="0">
  <testcase classname="test.UserManagementPageTest" name="verifyUsersOptionIsEnabled" time="39.117"/>
</testsuite> <!-- test.UserManagementPageTest -->
