<?xml version="1.0" encoding="UTF-8"?>
<!-- Generated by org.testng.reporters.JUnitReportReporter -->
<testsuite hostname="DESKTOP-PDDGBC5" failures="0" tests="1" name="test.HomePageTest" time="67.524" errors="0" timestamp="2024-06-24T19:31:50 IST" skipped="0">
  <testcase classname="test.HomePageTest" name="verifyEditProfile" time="67.524"/>
</testsuite> <!-- test.HomePageTest -->
