<?xml version="1.0" encoding="UTF-8"?>
<!-- Generated by org.testng.reporters.JUnitReportReporter -->
<testsuite hostname="DESKTOP-PDDGBC5" failures="0" tests="2" name="test.HomePageTest" time="69.327" errors="0" timestamp="2024-07-02T16:07:58 IST" skipped="0">
  <testcase classname="test.HomePageTest" name="verifyHomePageTitle" time="29.911"/>
  <testcase classname="test.HomePageTest" name="verifyUserLoginDate" time="39.416"/>
</testsuite> <!-- test.HomePageTest -->
