<?xml version="1.0" encoding="UTF-8"?>
<!-- Generated by org.testng.reporters.JUnitReportReporter -->
<testsuite hostname="DESKTOP-PDDGBC5" failures="0" tests="1" name="test.ResetPageTest" time="63.245" errors="0" timestamp="2024-06-23T16:53:51 IST" skipped="0">
  <testcase classname="test.ResetPageTest" name="verifyResetPassword" time="63.245"/>
</testsuite> <!-- test.ResetPageTest -->
