<?xml version="1.0" encoding="UTF-8"?>
<!-- Generated by org.testng.reporters.JUnitReportReporter -->
<testsuite hostname="DESKTOP-PDDGBC5" failures="0" tests="1" name="test.UserManagementPageTest" time="45.927" errors="0" timestamp="2024-06-29T20:19:04 IST" skipped="0">
  <testcase classname="test.UserManagementPageTest" name="verifyUsersOptionIsEnabled" time="45.927"/>
</testsuite> <!-- test.UserManagementPageTest -->
