<?xml version="1.0" encoding="UTF-8"?>
<!-- Generated by org.testng.reporters.JUnitReportReporter -->
<testsuite hostname="DESKTOP-PDDGBC5" failures="0" tests="1" name="test.MyProfilePageTest" time="73.317" errors="0" timestamp="2024-06-29T20:14:43 IST" skipped="0">
  <testcase classname="test.MyProfilePageTest" name="verifyEditProfile" time="73.317"/>
</testsuite> <!-- test.MyProfilePageTest -->
